0 info it worked if it ends with ok
1 verbose cli [ 'node', '/usr/local/bin/npm', 'install', 'jspm', '--save-dev' ]
2 info using npm@1.4.28
3 info using node@v0.10.33
4 verbose cache add [ 'jspm', null ]
5 verbose cache add name=undefined spec="jspm" args=["jspm",null]
6 verbose parsed url { protocol: null,
6 verbose parsed url   slashes: null,
6 verbose parsed url   auth: null,
6 verbose parsed url   host: null,
6 verbose parsed url   port: null,
6 verbose parsed url   hostname: null,
6 verbose parsed url   hash: null,
6 verbose parsed url   search: null,
6 verbose parsed url   query: null,
6 verbose parsed url   pathname: 'jspm',
6 verbose parsed url   path: 'jspm',
6 verbose parsed url   href: 'jspm' }
7 silly lockFile 40e8134c-jspm jspm
8 verbose lock jspm /Users/philmerrell/.npm/40e8134c-jspm.lock
9 silly lockFile 40e8134c-jspm jspm
10 silly lockFile 40e8134c-jspm jspm
11 verbose addNamed [ 'jspm', '' ]
12 verbose addNamed [ null, '*' ]
13 silly lockFile f3b9302e-jspm jspm@
14 verbose lock jspm@ /Users/philmerrell/.npm/f3b9302e-jspm.lock
15 silly addNameRange { name: 'jspm', range: '*', hasData: false }
16 verbose request where is /jspm
17 verbose request registry https://registry.npmjs.org/
18 verbose request id d8afd8477d0eaa75
19 verbose url raw /jspm
20 verbose url resolving [ 'https://registry.npmjs.org/', './jspm' ]
21 verbose url resolved https://registry.npmjs.org/jspm
22 verbose request where is https://registry.npmjs.org/jspm
23 info trying registry request attempt 1 at 15:28:39
24 verbose etag "A0FYW5HO7H1306UXMXJYDMO4L"
25 http GET https://registry.npmjs.org/jspm
26 http 200 https://registry.npmjs.org/jspm
27 silly registry.get cb [ 200,
27 silly registry.get   { server: 'CouchDB/1.5.0 (Erlang OTP/R16B03)',
27 silly registry.get     etag: '"7ZRPHDGZ1TWP1DFE8R38WD1N3"',
27 silly registry.get     'content-type': 'application/json',
27 silly registry.get     'cache-control': 'max-age=60',
27 silly registry.get     'content-length': '153596',
27 silly registry.get     'accept-ranges': 'bytes',
27 silly registry.get     date: 'Tue, 30 Jun 2015 21:28:40 GMT',
27 silly registry.get     via: '1.1 varnish',
27 silly registry.get     age: '55',
27 silly registry.get     connection: 'keep-alive',
27 silly registry.get     'x-served-by': 'cache-lax1430-LAX',
27 silly registry.get     'x-cache': 'HIT',
27 silly registry.get     'x-cache-hits': '1',
27 silly registry.get     'x-timer': 'S1435699720.269784,VS0,VE1',
27 silly registry.get     vary: 'Accept' } ]
28 silly addNameRange number 2 { name: 'jspm', range: '*', hasData: true }
29 silly addNameRange versions [ 'jspm',
29 silly addNameRange   [ '0.0.1',
29 silly addNameRange     '0.0.2',
29 silly addNameRange     '0.0.3',
29 silly addNameRange     '0.0.4',
29 silly addNameRange     '0.0.5',
29 silly addNameRange     '0.0.6',
29 silly addNameRange     '0.0.7',
29 silly addNameRange     '0.0.8',
29 silly addNameRange     '0.1.0',
29 silly addNameRange     '0.1.1',
29 silly addNameRange     '0.2.0',
29 silly addNameRange     '0.3.0',
29 silly addNameRange     '0.3.1',
29 silly addNameRange     '0.3.2',
29 silly addNameRange     '0.3.3',
29 silly addNameRange     '0.3.4',
29 silly addNameRange     '0.3.5',
29 silly addNameRange     '0.3.6',
29 silly addNameRange     '0.3.7',
29 silly addNameRange     '0.3.8',
29 silly addNameRange     '0.3.9',
29 silly addNameRange     '0.3.10',
29 silly addNameRange     '0.4.0',
29 silly addNameRange     '0.4.1',
29 silly addNameRange     '0.4.2',
29 silly addNameRange     '0.4.3',
29 silly addNameRange     '0.5.0-beta',
29 silly addNameRange     '0.5.0',
29 silly addNameRange     '0.5.1',
29 silly addNameRange     '0.5.2',
29 silly addNameRange     '0.5.3',
29 silly addNameRange     '0.5.4',
29 silly addNameRange     '0.5.5',
29 silly addNameRange     '0.5.6',
29 silly addNameRange     '0.5.7',
29 silly addNameRange     '0.5.8',
29 silly addNameRange     '0.5.9',
29 silly addNameRange     '0.5.10',
29 silly addNameRange     '0.5.11',
29 silly addNameRange     '0.5.12',
29 silly addNameRange     '0.5.13',
29 silly addNameRange     '0.5.14',
29 silly addNameRange     '0.5.15',
29 silly addNameRange     '0.5.16',
29 silly addNameRange     '0.6.0',
29 silly addNameRange     '0.6.1',
29 silly addNameRange     '0.6.2',
29 silly addNameRange     '0.6.3',
29 silly addNameRange     '0.6.4',
29 silly addNameRange     '0.6.5',
29 silly addNameRange     '0.6.6',
29 silly addNameRange     '0.6.7',
29 silly addNameRange     '0.6.8',
29 silly addNameRange     '0.6.9',
29 silly addNameRange     '0.6.10',
29 silly addNameRange     '0.6.11',
29 silly addNameRange     '0.6.12',
29 silly addNameRange     '0.7.0-beta.1',
29 silly addNameRange     '0.7.0-beta.2',
29 silly addNameRange     '0.7.0-beta.3',
29 silly addNameRange     '0.7.0-beta.4',
29 silly addNameRange     '0.7.0-beta.5',
29 silly addNameRange     '0.7.0-beta.6',
29 silly addNameRange     '0.7.0-beta.7',
29 silly addNameRange     '0.7.0-beta.8',
29 silly addNameRange     '0.7.0-beta.9',
29 silly addNameRange     '0.7.0-beta.10',
29 silly addNameRange     '0.6.13',
29 silly addNameRange     '0.7.0-beta.11',
29 silly addNameRange     '0.7.0-beta.12',
29 silly addNameRange     '0.7.0-beta.13',
29 silly addNameRange     '0.7.0-beta.14',
29 silly addNameRange     '0.7.0-beta.15',
29 silly addNameRange     '0.7.0-beta.16',
29 silly addNameRange     '0.7.0-beta.17',
29 silly addNameRange     '0.7.0-beta.18',
29 silly addNameRange     '0.7.0-beta.19',
29 silly addNameRange     '0.7.0-beta.20',
29 silly addNameRange     '0.7.0',
29 silly addNameRange     '0.7.1',
29 silly addNameRange     '0.8.0-beta.1',
29 silly addNameRange     '0.8.0-beta.2',
29 silly addNameRange     '0.8.0-beta.3',
29 silly addNameRange     '0.8.0-beta.4',
29 silly addNameRange     '0.7.2',
29 silly addNameRange     '0.8.0-beta.5',
29 silly addNameRange     '0.8.0-beta.6',
29 silly addNameRange     '0.7.3',
29 silly addNameRange     '0.8.0-beta.7',
29 silly addNameRange     '0.8.0-beta.8',
29 silly addNameRange     '0.8.0-beta.9',
29 silly addNameRange     '0.8.0-beta.10',
29 silly addNameRange     '0.8.0-beta.11',
29 silly addNameRange     '0.8.0-beta.12',
29 silly addNameRange     '0.8.0',
29 silly addNameRange     '0.8.1',
29 silly addNameRange     '0.8.2',
29 silly addNameRange     '0.8.3',
29 silly addNameRange     '0.8.4',
29 silly addNameRange     '0.9.0-beta.1',
29 silly addNameRange     '0.8.5',
29 silly addNameRange     '0.9.0-beta.2',
29 silly addNameRange     '0.8.6',
29 silly addNameRange     '0.9.0',
29 silly addNameRange     '0.10.0',
29 silly addNameRange     '0.10.1',
29 silly addNameRange     '0.10.2',
29 silly addNameRange     '0.10.3',
29 silly addNameRange     '0.10.4',
29 silly addNameRange     '0.10.5',
29 silly addNameRange     '0.10.6',
29 silly addNameRange     '0.11.0',
29 silly addNameRange     '0.11.1',
29 silly addNameRange     '0.11.2',
29 silly addNameRange     '0.11.3',
29 silly addNameRange     '0.11.4',
29 silly addNameRange     '0.11.5',
29 silly addNameRange     '0.11.6',
29 silly addNameRange     '0.12.0',
29 silly addNameRange     '0.13.0',
29 silly addNameRange     '0.13.1',
29 silly addNameRange     '0.13.2',
29 silly addNameRange     '0.13.3',
29 silly addNameRange     '0.13.4',
29 silly addNameRange     '0.14.0',
29 silly addNameRange     '0.15.0-beta',
29 silly addNameRange     '0.15.0',
29 silly addNameRange     '0.15.1',
29 silly addNameRange     '0.15.2',
29 silly addNameRange     '0.15.3',
29 silly addNameRange     '0.15.4',
29 silly addNameRange     '0.15.5',
29 silly addNameRange     '0.15.6',
29 silly addNameRange     '0.16.0-beta',
29 silly addNameRange     '0.15.7',
29 silly addNameRange     '0.16.0-beta.2',
29 silly addNameRange     '0.16.0-beta.3' ] ]
30 verbose addNamed [ 'jspm', '0.15.7' ]
31 verbose addNamed [ '0.15.7', '0.15.7' ]
32 silly lockFile e82ac05d-jspm-0-15-7 jspm@0.15.7
33 verbose lock jspm@0.15.7 /Users/philmerrell/.npm/e82ac05d-jspm-0-15-7.lock
34 silly lockFile f96070fc-y-npmjs-org-jspm-jspm-0-15-7-tgz https://registry.npmjs.org/jspm/-/jspm-0.15.7.tgz
35 verbose lock https://registry.npmjs.org/jspm/-/jspm-0.15.7.tgz /Users/philmerrell/.npm/f96070fc-y-npmjs-org-jspm-jspm-0-15-7-tgz.lock
36 verbose addRemoteTarball [ 'https://registry.npmjs.org/jspm/-/jspm-0.15.7.tgz',
36 verbose addRemoteTarball   '783bfca6e28036cb21d467c5b5f0460bb3dbb36f' ]
37 info retry fetch attempt 1 at 15:28:40
38 verbose fetch to= /var/folders/s3/_zm7tb557yx6klhmg77qw3j54dbyhz/T/npm-1568-DyaFYiJy/registry.npmjs.org/jspm/-/jspm-0.15.7.tgz
39 http GET https://registry.npmjs.org/jspm/-/jspm-0.15.7.tgz
40 http 200 https://registry.npmjs.org/jspm/-/jspm-0.15.7.tgz
41 silly lockFile f96070fc-y-npmjs-org-jspm-jspm-0-15-7-tgz https://registry.npmjs.org/jspm/-/jspm-0.15.7.tgz
42 silly lockFile f96070fc-y-npmjs-org-jspm-jspm-0-15-7-tgz https://registry.npmjs.org/jspm/-/jspm-0.15.7.tgz
43 silly lockFile e82ac05d-jspm-0-15-7 jspm@0.15.7
44 silly lockFile e82ac05d-jspm-0-15-7 jspm@0.15.7
45 silly lockFile f3b9302e-jspm jspm@
46 silly lockFile f3b9302e-jspm jspm@
47 error Error: EACCES, mkdir '/Users/philmerrell/.npm/jspm/0.15.7'
47 error  { [Error: EACCES, mkdir '/Users/philmerrell/.npm/jspm/0.15.7']
47 error   errno: 3,
47 error   code: 'EACCES',
47 error   path: '/Users/philmerrell/.npm/jspm/0.15.7' }
48 error Please try running this command again as root/Administrator.
49 error System Darwin 14.3.0
50 error command "node" "/usr/local/bin/npm" "install" "jspm" "--save-dev"
51 error cwd /Users/philmerrell/Sites/OrderApp
52 error node -v v0.10.33
53 error npm -v 1.4.28
54 error path /Users/philmerrell/.npm/jspm/0.15.7
55 error code EACCES
56 error errno 3
57 error stack Error: EACCES, mkdir '/Users/philmerrell/.npm/jspm/0.15.7'
58 verbose exit [ 3, true ]
